{"C:/Users/jpmat/programming/playground/totaltypescript/zod/src/06-set-a-default-value.ts": {"path":"C:/Users/jpmat/programming/playground/totaltypescript/zod/src/06-set-a-default-value.ts","statementMap":{"0":{"start":{"line":6,"column":13},"end":{"line":10,"column":null}},"1":{"start":{"line":15,"column":33},"end":{"line":21,"column":null}},"2":{"start":{"line":16,"column":21},"end":{"line":16,"column":null}},"3":{"start":{"line":18,"column":2},"end":{"line":18,"column":null}},"4":{"start":{"line":20,"column":2},"end":{"line":20,"column":null}},"5":{"start":{"line":25,"column":0},"end":{"line":32,"column":null}},"6":{"start":{"line":26,"column":17},"end":{"line":29,"column":null}},"7":{"start":{"line":31,"column":2},"end":{"line":31,"column":null}},"8":{"start":{"line":34,"column":0},"end":{"line":40,"column":null}},"9":{"start":{"line":35,"column":17},"end":{"line":37,"column":null}},"10":{"start":{"line":39,"column":2},"end":{"line":39,"column":null}}},"fnMap":{"0":{"name":"(anonymous_0)","decl":{"start":{"line":15,"column":33},"end":{"line":15,"column":34}},"loc":{"start":{"line":15,"column":54},"end":{"line":21,"column":null}}},"1":{"name":"(anonymous_1)","decl":{"start":{"line":25,"column":40},"end":{"line":25,"column":52}},"loc":{"start":{"line":25,"column":52},"end":{"line":32,"column":1}}},"2":{"name":"(anonymous_2)","decl":{"start":{"line":34,"column":59},"end":{"line":34,"column":71}},"loc":{"start":{"line":34,"column":71},"end":{"line":40,"column":1}}}},"branchMap":{},"s":{"0":1,"1":1,"2":2,"3":2,"4":2,"5":1,"6":1,"7":1,"8":1,"9":1,"10":1},"f":{"0":2,"1":1,"2":1},"b":{}}
}
